[2026-03-14T10:23:43.559Z] Verification started for OTP: 4696
[2026-03-14T10:23:43.566Z] ERROR: Invalid OTP. Got=4696, Expected=3144
[2026-03-14T10:23:58.755Z] Verification started for OTP: 3144
[2026-03-14T10:23:58.759Z] Checking for existing user: keerthu@gmail.com
[2026-03-14T10:23:58.766Z] Hashing password...
[2026-03-14T10:23:58.896Z] Creating User instance with explicit empty addresses array...
[2026-03-14T10:23:58.901Z] User object BEFORE save: {"name":"keerthu","email":"keerthu@gmail.com","phone":"0623529865","password":"[HASHED]","isBlocked":false,"isAdmin":false,"cart":[],"wallet":{"balance":0,"transactions":[]},"orderHistory":[],"referalCode":"SHNJ04A0","referredBy":null,"redeemed":false,"redeemedUsers":[],"lastLogin":null,"profileImage":"","addresses":[],"_id":"69b5373ee15930535b194ff6","createdOn":"2026-03-14T10:23:58.901Z","searchHistory":[]}
[2026-03-14T10:23:58.911Z] Processing referral: SH8J6X3W
[2026-03-14T10:23:58.926Z] Referrer found: niyas@gmail.com
[2026-03-14T10:23:58.944Z] Referral reward generated and referrer updated
[2026-03-14T10:23:58.950Z] Referral email initiated (non-blocking)
[2026-03-14T10:23:58.952Z] Attempting to save new user...
[2026-03-14T10:23:58.961Z] User saved successfully
[2026-03-14T10:23:58.966Z] Verification success. Redirecting...
[2026-03-14T14:12:29.657Z] Verification started for OTP: 4489
[2026-03-14T14:12:29.662Z] Checking for existing user: abhishekpalayadan11@gmail.com
[2026-03-14T14:12:29.667Z] Hashing password...
[2026-03-14T14:12:29.722Z] Creating User instance with explicit empty addresses array...
[2026-03-14T14:12:29.727Z] User object BEFORE save: {"name":"abhishek","email":"abhishekpalayadan11@gmail.com","phone":"9446791111","password":"[HASHED]","isBlocked":false,"isAdmin":false,"cart":[],"wallet":{"balance":0,"transactions":[]},"orderHistory":[],"referalCode":"SHRJGQ7A","referredBy":null,"redeemed":false,"redeemedUsers":[],"lastLogin":null,"profileImage":"","addresses":[],"_id":"69b56ccdfb53153a701e591a","createdOn":"2026-03-14T14:12:29.727Z","searchHistory":[]}
[2026-03-14T14:12:29.727Z] Attempting to save new user...
[2026-03-14T14:12:29.736Z] User saved successfully
[2026-03-14T14:12:29.737Z] Verification success. Redirecting...
[2026-03-17T07:36:59.095Z] Verification started for OTP: 3187
[2026-03-17T07:36:59.102Z] ERROR: OTP expired by time
[2026-03-17T07:37:22.873Z] Verification started for OTP: 2890
[2026-03-17T07:37:22.875Z] Checking for existing user: geletiy127@qvmao.com
[2026-03-17T07:37:22.881Z] Hashing password...
[2026-03-17T07:37:23.016Z] Creating User instance with explicit empty addresses array...
[2026-03-17T07:37:23.046Z] User object BEFORE save: {"name":"dilsh","email":"geletiy127@qvmao.com","phone":"6235298657","password":"[HASHED]","isBlocked":false,"isAdmin":false,"cart":[],"wallet":{"balance":0,"transactions":[]},"orderHistory":[],"referalCode":"SHM2FKD1","referredBy":null,"redeemed":false,"redeemedUsers":[],"lastLogin":null,"profileImage":"","addresses":[],"_id":"69b904b34edacf2d33bcfefe","createdOn":"2026-03-17T07:37:23.046Z","searchHistory":[]}
[2026-03-17T07:37:23.050Z] Attempting to save new user...
[2026-03-17T07:37:23.086Z] User saved successfully
[2026-03-17T07:37:23.090Z] Verification success. Redirecting...
